[debug] [2021-04-30T05:02:50.075Z] ----------------------------------------------------------------------
[debug] [2021-04-30T05:02:50.077Z] Command:       C:\Program Files\nodejs\node.exe C:\Users\pkaus\AppData\Roaming\npm\node_modules\firebase-tools\lib\bin\firebase.js emulators:start
[debug] [2021-04-30T05:02:50.078Z] CLI Version:   9.10.0
[debug] [2021-04-30T05:02:50.078Z] Platform:      win32
[debug] [2021-04-30T05:02:50.078Z] Node Version:  v14.16.0
[debug] [2021-04-30T05:02:50.079Z] Time:          Fri Apr 30 2021 10:32:50 GMT+0530 (India Standard Time)
[debug] [2021-04-30T05:02:50.079Z] ----------------------------------------------------------------------
[debug] 
[debug] [2021-04-30T05:02:50.086Z] > command requires scopes: ["email","openid","https://www.googleapis.com/auth/cloudplatformprojects.readonly","https://www.googleapis.com/auth/firebase","https://www.googleapis.com/auth/cloud-platform"]
[debug] [2021-04-30T05:02:50.086Z] > authorizing via signed-in user (pkaushal59@gmail.com)
[info] i  emulators: Starting emulators: functions, database {"metadata":{"emulator":{"name":"hub"},"message":"Starting emulators: functions, database"}}
[debug] [2021-04-30T05:02:50.106Z] [hub] writing locator at C:\Users\pkaus\AppData\Local\Temp\hub-clone-8b84b.json
[warn] !  functions: The following emulators are not running, calls to these services from the Functions emulator will affect production: auth, firestore, hosting, pubsub {"metadata":{"emulator":{"name":"functions"},"message":"The following emulators are not running, calls to these services from the Functions emulator will affect production: \u001b[1mauth, firestore, hosting, pubsub\u001b[22m"}}
[warn] !  Your requested "node" version "12" doesn't match your global version "14" {"metadata":{"emulator":{"name":"functions"},"message":"Your requested \"node\" version \"12\" doesn't match your global version \"14\""}}
[debug] [2021-04-30T05:02:50.147Z] defaultcredentials: writing to file C:\Users\pkaus\AppData\Roaming\firebase\pkaushal59_gmail_com_application_default_credentials.json
[debug] [2021-04-30T05:02:50.151Z] Setting GAC to C:\Users\pkaus\AppData\Roaming\firebase\pkaushal59_gmail_com_application_default_credentials.json {"metadata":{"emulator":{"name":"functions"},"message":"Setting GAC to C:\\Users\\pkaus\\AppData\\Roaming\\firebase\\pkaushal59_gmail_com_application_default_credentials.json"}}
[debug] [2021-04-30T05:02:50.153Z] > refreshing access token with scopes: []
[debug] [2021-04-30T05:02:50.153Z] >>> HTTP REQUEST POST https://www.googleapis.com/oauth2/v3/token  
 <request body omitted>
[debug] [2021-04-30T05:02:50.356Z] <<< HTTP RESPONSE 200 {"pragma":"no-cache","cache-control":"no-cache, no-store, max-age=0, must-revalidate","expires":"Mon, 01 Jan 1990 00:00:00 GMT","date":"Fri, 30 Apr 2021 05:02:51 GMT","content-type":"application/json; charset=utf-8","vary":"X-Origin, Referer, Origin,Accept-Encoding","server":"scaffolding on HTTPServer2","x-xss-protection":"0","x-frame-options":"SAMEORIGIN","x-content-type-options":"nosniff","alt-svc":"h3-29=\":443\"; ma=2592000,h3-T051=\":443\"; ma=2592000,h3-Q050=\":443\"; ma=2592000,h3-Q046=\":443\"; ma=2592000,h3-Q043=\":443\"; ma=2592000,quic=\":443\"; ma=2592000; v=\"46,43\"","accept-ranges":"none","transfer-encoding":"chunked"}
[debug] [2021-04-30T05:02:50.366Z] >>> [apiv2][query] GET https://firebase.googleapis.com/v1beta1/projects/clone-8b84b/adminSdkConfig [none]
[debug] [2021-04-30T05:02:50.941Z] <<< [apiv2][status] GET https://firebase.googleapis.com/v1beta1/projects/clone-8b84b/adminSdkConfig 200
[debug] [2021-04-30T05:02:50.942Z] <<< [apiv2][body] GET https://firebase.googleapis.com/v1beta1/projects/clone-8b84b/adminSdkConfig {"projectId":"clone-8b84b","databaseURL":"https://clone-8b84b-default-rtdb.firebaseio.com","storageBucket":"clone-8b84b.appspot.com"}
[debug] [2021-04-30T05:02:50.962Z] >>> [apiv2][query] GET https://firebase.googleapis.com/v1beta1/projects/clone-8b84b [none]
[debug] [2021-04-30T05:02:51.359Z] <<< [apiv2][status] GET https://firebase.googleapis.com/v1beta1/projects/clone-8b84b 200
[debug] [2021-04-30T05:02:51.359Z] <<< [apiv2][body] GET https://firebase.googleapis.com/v1beta1/projects/clone-8b84b {"projectId":"clone-8b84b","projectNumber":"492885265530","displayName":"amazon-clone","name":"projects/clone-8b84b","resources":{"hostingSite":"clone-8b84b","realtimeDatabaseInstance":"clone-8b84b-default-rtdb"},"state":"ACTIVE"}
[debug] [2021-04-30T05:02:51.359Z] database rules config:  [{"instance":"clone-8b84b-default-rtdb","rules":"C:\\Users\\pkaus\\OneDrive\\Desktop\\REACT_PRACTICE_APPS\\amazon-clone\\database.rules.json"}]
[warn] !  database: Realtime Database rules file C:\Users\pkaus\OneDrive\Desktop\REACT_PRACTICE_APPS\amazon-clone\database.rules.json specified in firebase.json does not exist. {"metadata":{"emulator":{"name":"database"},"message":"Realtime Database rules file \u001b[1mC:\\Users\\pkaus\\OneDrive\\Desktop\\REACT_PRACTICE_APPS\\amazon-clone\\database.rules.json\u001b[22m specified in firebase.json does not exist."}}
[debug] [2021-04-30T05:02:51.363Z] Ignoring unsupported arg: projectId {"metadata":{"emulator":{"name":"database"},"message":"Ignoring unsupported arg: projectId"}}
[debug] [2021-04-30T05:02:51.364Z] Ignoring unsupported arg: auto_download {"metadata":{"emulator":{"name":"database"},"message":"Ignoring unsupported arg: auto_download"}}
[debug] [2021-04-30T05:02:51.364Z] Ignoring unsupported arg: rules {"metadata":{"emulator":{"name":"database"},"message":"Ignoring unsupported arg: rules"}}
[debug] [2021-04-30T05:02:51.364Z] Starting Database Emulator with command {"binary":"java","args":["-Duser.language=en","-jar","C:\\Users\\pkaus\\.cache\\firebase\\emulators\\firebase-database-emulator-v4.7.2.jar","--host","localhost","--port",9000,"--functions_emulator_host","localhost","--functions_emulator_port",5001],"optionalArgs":["port","host","functions_emulator_port","functions_emulator_host"],"joinArgs":false} {"metadata":{"emulator":{"name":"database"},"message":"Starting Database Emulator with command {\"binary\":\"java\",\"args\":[\"-Duser.language=en\",\"-jar\",\"C:\\\\Users\\\\pkaus\\\\.cache\\\\firebase\\\\emulators\\\\firebase-database-emulator-v4.7.2.jar\",\"--host\",\"localhost\",\"--port\",9000,\"--functions_emulator_host\",\"localhost\",\"--functions_emulator_port\",5001],\"optionalArgs\":[\"port\",\"host\",\"functions_emulator_port\",\"functions_emulator_host\"],\"joinArgs\":false}"}}
[info] i  database: Database Emulator logging to database-debug.log {"metadata":{"emulator":{"name":"database"},"message":"Database Emulator logging to \u001b[1mdatabase-debug.log\u001b[22m"}}
[debug] [2021-04-30T05:02:52.940Z] 10:32:52.940 [NamespaceSystem-akka.actor.default-dispatcher-4] INFO akka.event.slf4j.Slf4jLogger - Slf4jLogger started
 {"metadata":{"emulator":{"name":"database"},"message":"10:32:52.940 [NamespaceSystem-akka.actor.default-dispatcher-4] INFO akka.event.slf4j.Slf4jLogger - Slf4jLogger started\r\n"}}
[debug] [2021-04-30T05:02:53.098Z] 10:32:53.101 [main] INFO com.firebase.server.forge.App$ - Listening at localhost:9000
 {"metadata":{"emulator":{"name":"database"},"message":"10:32:53.101 [main] INFO com.firebase.server.forge.App$ - Listening at localhost:9000\r\n"}}
[debug] [2021-04-30T05:02:53.470Z] Ignoring unsupported arg: auto_download {"metadata":{"emulator":{"name":"ui"},"message":"Ignoring unsupported arg: auto_download"}}
[debug] [2021-04-30T05:02:53.470Z] Ignoring unsupported arg: port {"metadata":{"emulator":{"name":"ui"},"message":"Ignoring unsupported arg: port"}}
[debug] [2021-04-30T05:02:53.470Z] Starting Emulator UI with command {"binary":"node","args":["C:\\Users\\pkaus\\.cache\\firebase\\emulators\\ui-v1.4.2\\server.bundle.js"],"optionalArgs":[],"joinArgs":false} {"metadata":{"emulator":{"name":"ui"},"message":"Starting Emulator UI with command {\"binary\":\"node\",\"args\":[\"C:\\\\Users\\\\pkaus\\\\.cache\\\\firebase\\\\emulators\\\\ui-v1.4.2\\\\server.bundle.js\"],\"optionalArgs\":[],\"joinArgs\":false}"}}
[info] i  ui: Emulator UI logging to ui-debug.log {"metadata":{"emulator":{"name":"ui"},"message":"Emulator UI logging to \u001b[1mui-debug.log\u001b[22m"}}
[debug] [2021-04-30T05:02:53.590Z] Web / API server started at http://localhost:4000
 {"metadata":{"emulator":{"name":"ui"},"message":"Web / API server started at http://localhost:4000\n"}}
[info] i  functions: Watching "C:\Users\pkaus\OneDrive\Desktop\REACT_PRACTICE_APPS\amazon-clone\functions" for Cloud Functions... {"metadata":{"emulator":{"name":"functions"},"message":"Watching \"C:\\Users\\pkaus\\OneDrive\\Desktop\\REACT_PRACTICE_APPS\\amazon-clone\\functions\" for Cloud Functions..."}}
[debug] [2021-04-30T05:02:53.778Z] [worker-pool] addWorker(~diagnostic~) {"metadata":{"emulator":{"name":"functions"},"message":"[worker-pool] addWorker(~diagnostic~)"}}
[debug] [2021-04-30T05:02:53.779Z] [worker-pool] Adding worker with key ~diagnostic~, total=1 {"metadata":{"emulator":{"name":"functions"},"message":"[worker-pool] Adding worker with key ~diagnostic~, total=1"}}
[debug] [2021-04-30T05:02:53.779Z] [worker-pool] submitWork(triggerId=) {"metadata":{"emulator":{"name":"functions"},"message":"[worker-pool] submitWork(triggerId=)"}}
[debug] [2021-04-30T05:02:53.781Z] [worker-~diagnostic~-d27b4da0-4319-41cb-a174-791c3e866525]: Assigning socketPath: \\?\pipe\C:\Users\pkaus\OneDrive\Desktop\REACT_PRACTICE_APPS\amazon-clone\functions\27960 {"metadata":{"emulator":{"name":"functions"},"message":"[worker-~diagnostic~-d27b4da0-4319-41cb-a174-791c3e866525]: Assigning socketPath: \\\\?\\pipe\\C:\\Users\\pkaus\\OneDrive\\Desktop\\REACT_PRACTICE_APPS\\amazon-clone\\functions\\27960"}}
[debug] [2021-04-30T05:02:53.782Z] [worker-~diagnostic~-d27b4da0-4319-41cb-a174-791c3e866525]: BUSY {"metadata":{"emulator":{"name":"functions"},"message":"[worker-~diagnostic~-d27b4da0-4319-41cb-a174-791c3e866525]: BUSY"}}
[debug] [2021-04-30T05:02:54.009Z] [runtime-status] [27960] Functions runtime initialized. {"cwd":"C:\\Users\\pkaus\\OneDrive\\Desktop\\REACT_PRACTICE_APPS\\amazon-clone\\functions","node_version":"14.16.0"} {"metadata":{"emulator":{"name":"functions"},"message":"[runtime-status] [27960] Functions runtime initialized. {\"cwd\":\"C:\\\\Users\\\\pkaus\\\\OneDrive\\\\Desktop\\\\REACT_PRACTICE_APPS\\\\amazon-clone\\\\functions\",\"node_version\":\"14.16.0\"}"}}
[debug] [2021-04-30T05:02:54.009Z] [runtime-status] [27960] Disabled runtime features: undefined {"metadata":{"emulator":{"name":"functions"},"message":"[runtime-status] [27960] Disabled runtime features: undefined"}}
[debug] [2021-04-30T05:02:54.012Z] [runtime-status] [27960] Resolved module firebase-admin {"declared":true,"installed":true,"version":"9.7.0","resolution":"C:\\Users\\pkaus\\OneDrive\\Desktop\\REACT_PRACTICE_APPS\\amazon-clone\\functions\\node_modules\\firebase-admin\\lib\\index.js"} {"metadata":{"emulator":{"name":"functions"},"message":"[runtime-status] [27960] Resolved module firebase-admin {\"declared\":true,\"installed\":true,\"version\":\"9.7.0\",\"resolution\":\"C:\\\\Users\\\\pkaus\\\\OneDrive\\\\Desktop\\\\REACT_PRACTICE_APPS\\\\amazon-clone\\\\functions\\\\node_modules\\\\firebase-admin\\\\lib\\\\index.js\"}"}}
[debug] [2021-04-30T05:02:54.014Z] [runtime-status] [27960] Resolved module firebase-functions {"declared":true,"installed":true,"version":"3.13.2","resolution":"C:\\Users\\pkaus\\OneDrive\\Desktop\\REACT_PRACTICE_APPS\\amazon-clone\\functions\\node_modules\\firebase-functions\\lib\\index.js"} {"metadata":{"emulator":{"name":"functions"},"message":"[runtime-status] [27960] Resolved module firebase-functions {\"declared\":true,\"installed\":true,\"version\":\"3.13.2\",\"resolution\":\"C:\\\\Users\\\\pkaus\\\\OneDrive\\\\Desktop\\\\REACT_PRACTICE_APPS\\\\amazon-clone\\\\functions\\\\node_modules\\\\firebase-functions\\\\lib\\\\index.js\"}"}}
[debug] [2021-04-30T05:02:54.015Z] [runtime-status] [27960] Resolved module firebase-functions {"declared":true,"installed":true,"version":"3.13.2","resolution":"C:\\Users\\pkaus\\OneDrive\\Desktop\\REACT_PRACTICE_APPS\\amazon-clone\\functions\\node_modules\\firebase-functions\\lib\\index.js"} {"metadata":{"emulator":{"name":"functions"},"message":"[runtime-status] [27960] Resolved module firebase-functions {\"declared\":true,\"installed\":true,\"version\":\"3.13.2\",\"resolution\":\"C:\\\\Users\\\\pkaus\\\\OneDrive\\\\Desktop\\\\REACT_PRACTICE_APPS\\\\amazon-clone\\\\functions\\\\node_modules\\\\firebase-functions\\\\lib\\\\index.js\"}"}}
[debug] [2021-04-30T05:02:54.017Z] [runtime-status] [27960] Outgoing network have been stubbed. [{"name":"http","status":"mocked"},{"name":"http","status":"mocked"},{"name":"https","status":"mocked"},{"name":"https","status":"mocked"},{"name":"net","status":"mocked"}] {"metadata":{"emulator":{"name":"functions"},"message":"[runtime-status] [27960] Outgoing network have been stubbed. [{\"name\":\"http\",\"status\":\"mocked\"},{\"name\":\"http\",\"status\":\"mocked\"},{\"name\":\"https\",\"status\":\"mocked\"},{\"name\":\"https\",\"status\":\"mocked\"},{\"name\":\"net\",\"status\":\"mocked\"}]"}}
[debug] [2021-04-30T05:02:54.017Z] [runtime-status] [27960] Resolved module firebase-functions {"declared":true,"installed":true,"version":"3.13.2","resolution":"C:\\Users\\pkaus\\OneDrive\\Desktop\\REACT_PRACTICE_APPS\\amazon-clone\\functions\\node_modules\\firebase-functions\\lib\\index.js"} {"metadata":{"emulator":{"name":"functions"},"message":"[runtime-status] [27960] Resolved module firebase-functions {\"declared\":true,\"installed\":true,\"version\":\"3.13.2\",\"resolution\":\"C:\\\\Users\\\\pkaus\\\\OneDrive\\\\Desktop\\\\REACT_PRACTICE_APPS\\\\amazon-clone\\\\functions\\\\node_modules\\\\firebase-functions\\\\lib\\\\index.js\"}"}}
[debug] [2021-04-30T05:02:54.067Z] [runtime-status] [27960] Checked functions.config() {"config":{}} {"metadata":{"emulator":{"name":"functions"},"message":"[runtime-status] [27960] Checked functions.config() {\"config\":{}}"}}
[debug] [2021-04-30T05:02:54.068Z] [runtime-status] [27960] firebase-functions has been stubbed. {"functionsResolution":{"declared":true,"installed":true,"version":"3.13.2","resolution":"C:\\Users\\pkaus\\OneDrive\\Desktop\\REACT_PRACTICE_APPS\\amazon-clone\\functions\\node_modules\\firebase-functions\\lib\\index.js"}} {"metadata":{"emulator":{"name":"functions"},"message":"[runtime-status] [27960] firebase-functions has been stubbed. {\"functionsResolution\":{\"declared\":true,\"installed\":true,\"version\":\"3.13.2\",\"resolution\":\"C:\\\\Users\\\\pkaus\\\\OneDrive\\\\Desktop\\\\REACT_PRACTICE_APPS\\\\amazon-clone\\\\functions\\\\node_modules\\\\firebase-functions\\\\lib\\\\index.js\"}}"}}
[debug] [2021-04-30T05:02:54.069Z] [runtime-status] [27960] Resolved module firebase-functions {"declared":true,"installed":true,"version":"3.13.2","resolution":"C:\\Users\\pkaus\\OneDrive\\Desktop\\REACT_PRACTICE_APPS\\amazon-clone\\functions\\node_modules\\firebase-functions\\lib\\index.js"} {"metadata":{"emulator":{"name":"functions"},"message":"[runtime-status] [27960] Resolved module firebase-functions {\"declared\":true,\"installed\":true,\"version\":\"3.13.2\",\"resolution\":\"C:\\\\Users\\\\pkaus\\\\OneDrive\\\\Desktop\\\\REACT_PRACTICE_APPS\\\\amazon-clone\\\\functions\\\\node_modules\\\\firebase-functions\\\\lib\\\\index.js\"}"}}
[debug] [2021-04-30T05:02:54.071Z] [runtime-status] [27960] Resolved module firebase-admin {"declared":true,"installed":true,"version":"9.7.0","resolution":"C:\\Users\\pkaus\\OneDrive\\Desktop\\REACT_PRACTICE_APPS\\amazon-clone\\functions\\node_modules\\firebase-admin\\lib\\index.js"} {"metadata":{"emulator":{"name":"functions"},"message":"[runtime-status] [27960] Resolved module firebase-admin {\"declared\":true,\"installed\":true,\"version\":\"9.7.0\",\"resolution\":\"C:\\\\Users\\\\pkaus\\\\OneDrive\\\\Desktop\\\\REACT_PRACTICE_APPS\\\\amazon-clone\\\\functions\\\\node_modules\\\\firebase-admin\\\\lib\\\\index.js\"}"}}
[debug] [2021-04-30T05:02:54.072Z] [runtime-status] [27960] Resolved module firebase-functions {"declared":true,"installed":true,"version":"3.13.2","resolution":"C:\\Users\\pkaus\\OneDrive\\Desktop\\REACT_PRACTICE_APPS\\amazon-clone\\functions\\node_modules\\firebase-functions\\lib\\index.js"} {"metadata":{"emulator":{"name":"functions"},"message":"[runtime-status] [27960] Resolved module firebase-functions {\"declared\":true,\"installed\":true,\"version\":\"3.13.2\",\"resolution\":\"C:\\\\Users\\\\pkaus\\\\OneDrive\\\\Desktop\\\\REACT_PRACTICE_APPS\\\\amazon-clone\\\\functions\\\\node_modules\\\\firebase-functions\\\\lib\\\\index.js\"}"}}
[debug] [2021-04-30T05:02:54.072Z] [runtime-status] [27960] firebase-admin has been stubbed. {"adminResolution":{"declared":true,"installed":true,"version":"9.7.0","resolution":"C:\\Users\\pkaus\\OneDrive\\Desktop\\REACT_PRACTICE_APPS\\amazon-clone\\functions\\node_modules\\firebase-admin\\lib\\index.js"}} {"metadata":{"emulator":{"name":"functions"},"message":"[runtime-status] [27960] firebase-admin has been stubbed. {\"adminResolution\":{\"declared\":true,\"installed\":true,\"version\":\"9.7.0\",\"resolution\":\"C:\\\\Users\\\\pkaus\\\\OneDrive\\\\Desktop\\\\REACT_PRACTICE_APPS\\\\amazon-clone\\\\functions\\\\node_modules\\\\firebase-admin\\\\lib\\\\index.js\"}}"}}
[info] +  functions[api]: http function initialized (http://localhost:5001/clone-8b84b/us-central1/api). {"metadata":{"emulator":{"name":"functions"},"message":"\u001b[1mhttp\u001b[22m function initialized (http://localhost:5001/clone-8b84b/us-central1/api)."}}
[info] i  emulators: Shutting down emulators. {"metadata":{"emulator":{"name":"hub"},"message":"Shutting down emulators."}}
[info] i  ui: Stopping Emulator UI {"metadata":{"emulator":{"name":"ui"},"message":"Stopping Emulator UI"}}
[debug] [2021-04-30T05:02:54.276Z] [worker-~diagnostic~-d27b4da0-4319-41cb-a174-791c3e866525]: IDLE {"metadata":{"emulator":{"name":"functions"},"message":"[worker-~diagnostic~-d27b4da0-4319-41cb-a174-791c3e866525]: IDLE"}}
[warn] !  Emulator UI has exited upon receiving signal: SIGINT 
[info] i  functions: Stopping Functions Emulator {"metadata":{"emulator":{"name":"functions"},"message":"Stopping Functions Emulator"}}
[info] i  database: Stopping Database Emulator {"metadata":{"emulator":{"name":"database"},"message":"Stopping Database Emulator"}}
[debug] [2021-04-30T05:02:54.289Z] [worker-~diagnostic~-d27b4da0-4319-41cb-a174-791c3e866525]: exited {"metadata":{"emulator":{"name":"functions"},"message":"[worker-~diagnostic~-d27b4da0-4319-41cb-a174-791c3e866525]: exited"}}
[debug] [2021-04-30T05:02:54.290Z] [worker-~diagnostic~-d27b4da0-4319-41cb-a174-791c3e866525]: FINISHED {"metadata":{"emulator":{"name":"functions"},"message":"[worker-~diagnostic~-d27b4da0-4319-41cb-a174-791c3e866525]: FINISHED"}}
[warn] !  Database Emulator has exited upon receiving signal: SIGINT 
[info] i  hub: Stopping emulator hub {"metadata":{"emulator":{"name":"hub"},"message":"Stopping emulator hub"}}
[info] i  logging: Stopping Logging Emulator {"metadata":{"emulator":{"name":"logging"},"message":"Stopping Logging Emulator"}}
[debug] [2021-04-30T05:02:54.463Z] Error: ENOENT: no such file or directory, open 'C:\Users\pkaus\OneDrive\Desktop\REACT_PRACTICE_APPS\amazon-clone\database.rules.json'
    at Object.openSync (fs.js:476:3)
    at Object.readFileSync (fs.js:377:35)
    at DatabaseEmulator.updateRules (C:\Users\pkaus\AppData\Roaming\npm\node_modules\firebase-tools\lib\emulator\databaseEmulator.js:120:18)
    at DatabaseEmulator.connect (C:\Users\pkaus\AppData\Roaming\npm\node_modules\firebase-tools\lib\emulator\databaseEmulator.js:59:28)
    at Object.startAll (C:\Users\pkaus\AppData\Roaming\npm\node_modules\firebase-tools\lib\emulator\controller.js:418:28)
    at processTicksAndRejections (internal/process/task_queues.js:93:5)
    at async Command.actionFn (C:\Users\pkaus\AppData\Roaming\npm\node_modules\firebase-tools\lib\commands\emulators-start.js:26:9)
[error] 
[error] Error: An unexpected error has occurred.
[debug] [2021-04-30T05:05:02.159Z] ----------------------------------------------------------------------
[debug] [2021-04-30T05:05:02.161Z] Command:       C:\Program Files\nodejs\node.exe C:\Users\pkaus\AppData\Roaming\npm\node_modules\firebase-tools\lib\bin\firebase.js emulators:start
[debug] [2021-04-30T05:05:02.162Z] CLI Version:   9.10.0
[debug] [2021-04-30T05:05:02.162Z] Platform:      win32
[debug] [2021-04-30T05:05:02.162Z] Node Version:  v14.16.0
[debug] [2021-04-30T05:05:02.163Z] Time:          Fri Apr 30 2021 10:35:02 GMT+0530 (India Standard Time)
[debug] [2021-04-30T05:05:02.163Z] ----------------------------------------------------------------------
[debug] 
[debug] [2021-04-30T05:05:02.170Z] > command requires scopes: ["email","openid","https://www.googleapis.com/auth/cloudplatformprojects.readonly","https://www.googleapis.com/auth/firebase","https://www.googleapis.com/auth/cloud-platform"]
[debug] [2021-04-30T05:05:02.170Z] > authorizing via signed-in user (pkaushal59@gmail.com)
[info] i  emulators: Starting emulators: functions {"metadata":{"emulator":{"name":"hub"},"message":"Starting emulators: functions"}}
[debug] [2021-04-30T05:05:02.191Z] [hub] writing locator at C:\Users\pkaus\AppData\Local\Temp\hub-clone-8b84b.json
[warn] !  functions: The following emulators are not running, calls to these services from the Functions emulator will affect production: auth, firestore, database, hosting, pubsub {"metadata":{"emulator":{"name":"functions"},"message":"The following emulators are not running, calls to these services from the Functions emulator will affect production: \u001b[1mauth, firestore, database, hosting, pubsub\u001b[22m"}}
[warn] !  Your requested "node" version "12" doesn't match your global version "14" {"metadata":{"emulator":{"name":"functions"},"message":"Your requested \"node\" version \"12\" doesn't match your global version \"14\""}}
[debug] [2021-04-30T05:05:02.223Z] defaultcredentials: writing to file C:\Users\pkaus\AppData\Roaming\firebase\pkaushal59_gmail_com_application_default_credentials.json
[debug] [2021-04-30T05:05:02.226Z] Setting GAC to C:\Users\pkaus\AppData\Roaming\firebase\pkaushal59_gmail_com_application_default_credentials.json {"metadata":{"emulator":{"name":"functions"},"message":"Setting GAC to C:\\Users\\pkaus\\AppData\\Roaming\\firebase\\pkaushal59_gmail_com_application_default_credentials.json"}}
[debug] [2021-04-30T05:05:02.228Z] >>> [apiv2][query] GET https://firebase.googleapis.com/v1beta1/projects/clone-8b84b/adminSdkConfig [none]
[debug] [2021-04-30T05:05:02.749Z] <<< [apiv2][status] GET https://firebase.googleapis.com/v1beta1/projects/clone-8b84b/adminSdkConfig 200
[debug] [2021-04-30T05:05:02.749Z] <<< [apiv2][body] GET https://firebase.googleapis.com/v1beta1/projects/clone-8b84b/adminSdkConfig {"projectId":"clone-8b84b","databaseURL":"https://clone-8b84b-default-rtdb.firebaseio.com","storageBucket":"clone-8b84b.appspot.com"}
[debug] [2021-04-30T05:05:02.776Z] Ignoring unsupported arg: auto_download {"metadata":{"emulator":{"name":"ui"},"message":"Ignoring unsupported arg: auto_download"}}
[debug] [2021-04-30T05:05:02.777Z] Ignoring unsupported arg: port {"metadata":{"emulator":{"name":"ui"},"message":"Ignoring unsupported arg: port"}}
[debug] [2021-04-30T05:05:02.777Z] Starting Emulator UI with command {"binary":"node","args":["C:\\Users\\pkaus\\.cache\\firebase\\emulators\\ui-v1.4.2\\server.bundle.js"],"optionalArgs":[],"joinArgs":false} {"metadata":{"emulator":{"name":"ui"},"message":"Starting Emulator UI with command {\"binary\":\"node\",\"args\":[\"C:\\\\Users\\\\pkaus\\\\.cache\\\\firebase\\\\emulators\\\\ui-v1.4.2\\\\server.bundle.js\"],\"optionalArgs\":[],\"joinArgs\":false}"}}
[info] i  ui: Emulator UI logging to ui-debug.log {"metadata":{"emulator":{"name":"ui"},"message":"Emulator UI logging to \u001b[1mui-debug.log\u001b[22m"}}
[debug] [2021-04-30T05:05:02.890Z] Web / API server started at http://localhost:4000
 {"metadata":{"emulator":{"name":"ui"},"message":"Web / API server started at http://localhost:4000\n"}}
[info] i  functions: Watching "C:\Users\pkaus\OneDrive\Desktop\REACT_PRACTICE_APPS\amazon-clone\functions" for Cloud Functions... {"metadata":{"emulator":{"name":"functions"},"message":"Watching \"C:\\Users\\pkaus\\OneDrive\\Desktop\\REACT_PRACTICE_APPS\\amazon-clone\\functions\" for Cloud Functions..."}}
[debug] [2021-04-30T05:05:03.083Z] [worker-pool] addWorker(~diagnostic~) {"metadata":{"emulator":{"name":"functions"},"message":"[worker-pool] addWorker(~diagnostic~)"}}
[debug] [2021-04-30T05:05:03.084Z] [worker-pool] Adding worker with key ~diagnostic~, total=1 {"metadata":{"emulator":{"name":"functions"},"message":"[worker-pool] Adding worker with key ~diagnostic~, total=1"}}
[debug] [2021-04-30T05:05:03.084Z] [worker-pool] submitWork(triggerId=) {"metadata":{"emulator":{"name":"functions"},"message":"[worker-pool] submitWork(triggerId=)"}}
[debug] [2021-04-30T05:05:03.085Z] [worker-~diagnostic~-c6ae20c8-163c-4ee9-a01c-99a26f3e9483]: Assigning socketPath: \\?\pipe\C:\Users\pkaus\OneDrive\Desktop\REACT_PRACTICE_APPS\amazon-clone\functions\30664 {"metadata":{"emulator":{"name":"functions"},"message":"[worker-~diagnostic~-c6ae20c8-163c-4ee9-a01c-99a26f3e9483]: Assigning socketPath: \\\\?\\pipe\\C:\\Users\\pkaus\\OneDrive\\Desktop\\REACT_PRACTICE_APPS\\amazon-clone\\functions\\30664"}}
[debug] [2021-04-30T05:05:03.086Z] [worker-~diagnostic~-c6ae20c8-163c-4ee9-a01c-99a26f3e9483]: BUSY {"metadata":{"emulator":{"name":"functions"},"message":"[worker-~diagnostic~-c6ae20c8-163c-4ee9-a01c-99a26f3e9483]: BUSY"}}
[debug] [2021-04-30T05:05:03.295Z] [runtime-status] [30664] Functions runtime initialized. {"cwd":"C:\\Users\\pkaus\\OneDrive\\Desktop\\REACT_PRACTICE_APPS\\amazon-clone\\functions","node_version":"14.16.0"} {"metadata":{"emulator":{"name":"functions"},"message":"[runtime-status] [30664] Functions runtime initialized. {\"cwd\":\"C:\\\\Users\\\\pkaus\\\\OneDrive\\\\Desktop\\\\REACT_PRACTICE_APPS\\\\amazon-clone\\\\functions\",\"node_version\":\"14.16.0\"}"}}
[debug] [2021-04-30T05:05:03.296Z] [runtime-status] [30664] Disabled runtime features: undefined {"metadata":{"emulator":{"name":"functions"},"message":"[runtime-status] [30664] Disabled runtime features: undefined"}}
[debug] [2021-04-30T05:05:03.298Z] [runtime-status] [30664] Resolved module firebase-admin {"declared":true,"installed":true,"version":"9.7.0","resolution":"C:\\Users\\pkaus\\OneDrive\\Desktop\\REACT_PRACTICE_APPS\\amazon-clone\\functions\\node_modules\\firebase-admin\\lib\\index.js"} {"metadata":{"emulator":{"name":"functions"},"message":"[runtime-status] [30664] Resolved module firebase-admin {\"declared\":true,\"installed\":true,\"version\":\"9.7.0\",\"resolution\":\"C:\\\\Users\\\\pkaus\\\\OneDrive\\\\Desktop\\\\REACT_PRACTICE_APPS\\\\amazon-clone\\\\functions\\\\node_modules\\\\firebase-admin\\\\lib\\\\index.js\"}"}}
[debug] [2021-04-30T05:05:03.300Z] [runtime-status] [30664] Resolved module firebase-functions {"declared":true,"installed":true,"version":"3.13.2","resolution":"C:\\Users\\pkaus\\OneDrive\\Desktop\\REACT_PRACTICE_APPS\\amazon-clone\\functions\\node_modules\\firebase-functions\\lib\\index.js"} {"metadata":{"emulator":{"name":"functions"},"message":"[runtime-status] [30664] Resolved module firebase-functions {\"declared\":true,\"installed\":true,\"version\":\"3.13.2\",\"resolution\":\"C:\\\\Users\\\\pkaus\\\\OneDrive\\\\Desktop\\\\REACT_PRACTICE_APPS\\\\amazon-clone\\\\functions\\\\node_modules\\\\firebase-functions\\\\lib\\\\index.js\"}"}}
[debug] [2021-04-30T05:05:03.301Z] [runtime-status] [30664] Resolved module firebase-functions {"declared":true,"installed":true,"version":"3.13.2","resolution":"C:\\Users\\pkaus\\OneDrive\\Desktop\\REACT_PRACTICE_APPS\\amazon-clone\\functions\\node_modules\\firebase-functions\\lib\\index.js"} {"metadata":{"emulator":{"name":"functions"},"message":"[runtime-status] [30664] Resolved module firebase-functions {\"declared\":true,\"installed\":true,\"version\":\"3.13.2\",\"resolution\":\"C:\\\\Users\\\\pkaus\\\\OneDrive\\\\Desktop\\\\REACT_PRACTICE_APPS\\\\amazon-clone\\\\functions\\\\node_modules\\\\firebase-functions\\\\lib\\\\index.js\"}"}}
[debug] [2021-04-30T05:05:03.303Z] [runtime-status] [30664] Outgoing network have been stubbed. [{"name":"http","status":"mocked"},{"name":"http","status":"mocked"},{"name":"https","status":"mocked"},{"name":"https","status":"mocked"},{"name":"net","status":"mocked"}] {"metadata":{"emulator":{"name":"functions"},"message":"[runtime-status] [30664] Outgoing network have been stubbed. [{\"name\":\"http\",\"status\":\"mocked\"},{\"name\":\"http\",\"status\":\"mocked\"},{\"name\":\"https\",\"status\":\"mocked\"},{\"name\":\"https\",\"status\":\"mocked\"},{\"name\":\"net\",\"status\":\"mocked\"}]"}}
[debug] [2021-04-30T05:05:03.303Z] [runtime-status] [30664] Resolved module firebase-functions {"declared":true,"installed":true,"version":"3.13.2","resolution":"C:\\Users\\pkaus\\OneDrive\\Desktop\\REACT_PRACTICE_APPS\\amazon-clone\\functions\\node_modules\\firebase-functions\\lib\\index.js"} {"metadata":{"emulator":{"name":"functions"},"message":"[runtime-status] [30664] Resolved module firebase-functions {\"declared\":true,\"installed\":true,\"version\":\"3.13.2\",\"resolution\":\"C:\\\\Users\\\\pkaus\\\\OneDrive\\\\Desktop\\\\REACT_PRACTICE_APPS\\\\amazon-clone\\\\functions\\\\node_modules\\\\firebase-functions\\\\lib\\\\index.js\"}"}}
[debug] [2021-04-30T05:05:03.356Z] [runtime-status] [30664] Checked functions.config() {"config":{}} {"metadata":{"emulator":{"name":"functions"},"message":"[runtime-status] [30664] Checked functions.config() {\"config\":{}}"}}
[debug] [2021-04-30T05:05:03.357Z] [runtime-status] [30664] firebase-functions has been stubbed. {"functionsResolution":{"declared":true,"installed":true,"version":"3.13.2","resolution":"C:\\Users\\pkaus\\OneDrive\\Desktop\\REACT_PRACTICE_APPS\\amazon-clone\\functions\\node_modules\\firebase-functions\\lib\\index.js"}} {"metadata":{"emulator":{"name":"functions"},"message":"[runtime-status] [30664] firebase-functions has been stubbed. {\"functionsResolution\":{\"declared\":true,\"installed\":true,\"version\":\"3.13.2\",\"resolution\":\"C:\\\\Users\\\\pkaus\\\\OneDrive\\\\Desktop\\\\REACT_PRACTICE_APPS\\\\amazon-clone\\\\functions\\\\node_modules\\\\firebase-functions\\\\lib\\\\index.js\"}}"}}
[debug] [2021-04-30T05:05:03.357Z] [runtime-status] [30664] Resolved module firebase-functions {"declared":true,"installed":true,"version":"3.13.2","resolution":"C:\\Users\\pkaus\\OneDrive\\Desktop\\REACT_PRACTICE_APPS\\amazon-clone\\functions\\node_modules\\firebase-functions\\lib\\index.js"} {"metadata":{"emulator":{"name":"functions"},"message":"[runtime-status] [30664] Resolved module firebase-functions {\"declared\":true,\"installed\":true,\"version\":\"3.13.2\",\"resolution\":\"C:\\\\Users\\\\pkaus\\\\OneDrive\\\\Desktop\\\\REACT_PRACTICE_APPS\\\\amazon-clone\\\\functions\\\\node_modules\\\\firebase-functions\\\\lib\\\\index.js\"}"}}
[debug] [2021-04-30T05:05:03.359Z] [runtime-status] [30664] Resolved module firebase-admin {"declared":true,"installed":true,"version":"9.7.0","resolution":"C:\\Users\\pkaus\\OneDrive\\Desktop\\REACT_PRACTICE_APPS\\amazon-clone\\functions\\node_modules\\firebase-admin\\lib\\index.js"} {"metadata":{"emulator":{"name":"functions"},"message":"[runtime-status] [30664] Resolved module firebase-admin {\"declared\":true,\"installed\":true,\"version\":\"9.7.0\",\"resolution\":\"C:\\\\Users\\\\pkaus\\\\OneDrive\\\\Desktop\\\\REACT_PRACTICE_APPS\\\\amazon-clone\\\\functions\\\\node_modules\\\\firebase-admin\\\\lib\\\\index.js\"}"}}
[debug] [2021-04-30T05:05:03.359Z] [runtime-status] [30664] Resolved module firebase-functions {"declared":true,"installed":true,"version":"3.13.2","resolution":"C:\\Users\\pkaus\\OneDrive\\Desktop\\REACT_PRACTICE_APPS\\amazon-clone\\functions\\node_modules\\firebase-functions\\lib\\index.js"} {"metadata":{"emulator":{"name":"functions"},"message":"[runtime-status] [30664] Resolved module firebase-functions {\"declared\":true,\"installed\":true,\"version\":\"3.13.2\",\"resolution\":\"C:\\\\Users\\\\pkaus\\\\OneDrive\\\\Desktop\\\\REACT_PRACTICE_APPS\\\\amazon-clone\\\\functions\\\\node_modules\\\\firebase-functions\\\\lib\\\\index.js\"}"}}
[debug] [2021-04-30T05:05:03.360Z] [runtime-status] [30664] firebase-admin has been stubbed. {"adminResolution":{"declared":true,"installed":true,"version":"9.7.0","resolution":"C:\\Users\\pkaus\\OneDrive\\Desktop\\REACT_PRACTICE_APPS\\amazon-clone\\functions\\node_modules\\firebase-admin\\lib\\index.js"}} {"metadata":{"emulator":{"name":"functions"},"message":"[runtime-status] [30664] firebase-admin has been stubbed. {\"adminResolution\":{\"declared\":true,\"installed\":true,\"version\":\"9.7.0\",\"resolution\":\"C:\\\\Users\\\\pkaus\\\\OneDrive\\\\Desktop\\\\REACT_PRACTICE_APPS\\\\amazon-clone\\\\functions\\\\node_modules\\\\firebase-admin\\\\lib\\\\index.js\"}}"}}
[info] +  functions[api]: http function initialized (http://localhost:5001/clone-8b84b/us-central1/api). {"metadata":{"emulator":{"name":"functions"},"message":"\u001b[1mhttp\u001b[22m function initialized (http://localhost:5001/clone-8b84b/us-central1/api)."}}
[info] 
┌─────────────────────────────────────────────────────────────┐
│ ✔  All emulators ready! It is now safe to connect your app. │
│ i  View Emulator UI at http://localhost:4000                │
└─────────────────────────────────────────────────────────────┘

┌───────────┬────────────────┬─────────────────────────────────┐
│ Emulator  │ Host:Port      │ View in Emulator UI             │
├───────────┼────────────────┼─────────────────────────────────┤
│ Functions │ localhost:5001 │ http://localhost:4000/functions │
└───────────┴────────────────┴─────────────────────────────────┘
  Emulator Hub running at localhost:4400
  Other reserved ports: 4500

Issues? Report them at https://github.com/firebase/firebase-tools/issues and attach the *-debug.log files.
 
[debug] [2021-04-30T05:05:03.534Z] [worker-~diagnostic~-c6ae20c8-163c-4ee9-a01c-99a26f3e9483]: IDLE {"metadata":{"emulator":{"name":"functions"},"message":"[worker-~diagnostic~-c6ae20c8-163c-4ee9-a01c-99a26f3e9483]: IDLE"}}
[debug] [2021-04-30T05:05:11.118Z] [work-queue] {"queueLength":1,"workRunningCount":0}
[debug] [2021-04-30T05:05:11.119Z] [work-queue] {"queueLength":0,"workRunningCount":1}
[debug] [2021-04-30T05:05:11.120Z] Accepted request GET /clone-8b84b/us-central1/api --> api
[debug] [2021-04-30T05:05:11.135Z] [worker-pool] addWorker(api) {"metadata":{"emulator":{"name":"functions"},"message":"[worker-pool] addWorker(api)"}}
[debug] [2021-04-30T05:05:11.136Z] [worker-pool] Adding worker with key api, total=1 {"metadata":{"emulator":{"name":"functions"},"message":"[worker-pool] Adding worker with key api, total=1"}}
[debug] [2021-04-30T05:05:11.136Z] [worker-pool] submitWork(triggerId=api) {"metadata":{"emulator":{"name":"functions"},"message":"[worker-pool] submitWork(triggerId=api)"}}
[debug] [2021-04-30T05:05:11.137Z] [worker-api-62d346a9-4aa9-4e38-bc4a-c329b0cbcf41]: Assigning socketPath: \\?\pipe\C:\Users\pkaus\OneDrive\Desktop\REACT_PRACTICE_APPS\amazon-clone\functions\25832 {"metadata":{"emulator":{"name":"functions"},"message":"[worker-api-62d346a9-4aa9-4e38-bc4a-c329b0cbcf41]: Assigning socketPath: \\\\?\\pipe\\C:\\Users\\pkaus\\OneDrive\\Desktop\\REACT_PRACTICE_APPS\\amazon-clone\\functions\\25832"}}
[debug] [2021-04-30T05:05:11.137Z] [worker-api-62d346a9-4aa9-4e38-bc4a-c329b0cbcf41]: BUSY {"metadata":{"emulator":{"name":"functions"},"message":"[worker-api-62d346a9-4aa9-4e38-bc4a-c329b0cbcf41]: BUSY"}}
[debug] [2021-04-30T05:05:11.396Z] [runtime-status] [25832] Functions runtime initialized. {"cwd":"C:\\Users\\pkaus\\OneDrive\\Desktop\\REACT_PRACTICE_APPS\\amazon-clone\\functions","node_version":"14.16.0"} {"metadata":{"emulator":{"name":"functions"},"function":{"name":"api"},"message":"[runtime-status] [25832] Functions runtime initialized. {\"cwd\":\"C:\\\\Users\\\\pkaus\\\\OneDrive\\\\Desktop\\\\REACT_PRACTICE_APPS\\\\amazon-clone\\\\functions\",\"node_version\":\"14.16.0\"}"}}
[debug] [2021-04-30T05:05:11.397Z] [runtime-status] [25832] Disabled runtime features: undefined {"metadata":{"emulator":{"name":"functions"},"function":{"name":"api"},"message":"[runtime-status] [25832] Disabled runtime features: undefined"}}
[debug] [2021-04-30T05:05:11.400Z] [runtime-status] [25832] Resolved module firebase-admin {"declared":true,"installed":true,"version":"9.7.0","resolution":"C:\\Users\\pkaus\\OneDrive\\Desktop\\REACT_PRACTICE_APPS\\amazon-clone\\functions\\node_modules\\firebase-admin\\lib\\index.js"} {"metadata":{"emulator":{"name":"functions"},"function":{"name":"api"},"message":"[runtime-status] [25832] Resolved module firebase-admin {\"declared\":true,\"installed\":true,\"version\":\"9.7.0\",\"resolution\":\"C:\\\\Users\\\\pkaus\\\\OneDrive\\\\Desktop\\\\REACT_PRACTICE_APPS\\\\amazon-clone\\\\functions\\\\node_modules\\\\firebase-admin\\\\lib\\\\index.js\"}"}}
[debug] [2021-04-30T05:05:11.402Z] [runtime-status] [25832] Resolved module firebase-functions {"declared":true,"installed":true,"version":"3.13.2","resolution":"C:\\Users\\pkaus\\OneDrive\\Desktop\\REACT_PRACTICE_APPS\\amazon-clone\\functions\\node_modules\\firebase-functions\\lib\\index.js"} {"metadata":{"emulator":{"name":"functions"},"function":{"name":"api"},"message":"[runtime-status] [25832] Resolved module firebase-functions {\"declared\":true,\"installed\":true,\"version\":\"3.13.2\",\"resolution\":\"C:\\\\Users\\\\pkaus\\\\OneDrive\\\\Desktop\\\\REACT_PRACTICE_APPS\\\\amazon-clone\\\\functions\\\\node_modules\\\\firebase-functions\\\\lib\\\\index.js\"}"}}
[debug] [2021-04-30T05:05:11.404Z] [runtime-status] [25832] Resolved module firebase-functions {"declared":true,"installed":true,"version":"3.13.2","resolution":"C:\\Users\\pkaus\\OneDrive\\Desktop\\REACT_PRACTICE_APPS\\amazon-clone\\functions\\node_modules\\firebase-functions\\lib\\index.js"} {"metadata":{"emulator":{"name":"functions"},"function":{"name":"api"},"message":"[runtime-status] [25832] Resolved module firebase-functions {\"declared\":true,\"installed\":true,\"version\":\"3.13.2\",\"resolution\":\"C:\\\\Users\\\\pkaus\\\\OneDrive\\\\Desktop\\\\REACT_PRACTICE_APPS\\\\amazon-clone\\\\functions\\\\node_modules\\\\firebase-functions\\\\lib\\\\index.js\"}"}}
[debug] [2021-04-30T05:05:11.406Z] [runtime-status] [25832] Outgoing network have been stubbed. [{"name":"http","status":"mocked"},{"name":"http","status":"mocked"},{"name":"https","status":"mocked"},{"name":"https","status":"mocked"},{"name":"net","status":"mocked"}] {"metadata":{"emulator":{"name":"functions"},"function":{"name":"api"},"message":"[runtime-status] [25832] Outgoing network have been stubbed. [{\"name\":\"http\",\"status\":\"mocked\"},{\"name\":\"http\",\"status\":\"mocked\"},{\"name\":\"https\",\"status\":\"mocked\"},{\"name\":\"https\",\"status\":\"mocked\"},{\"name\":\"net\",\"status\":\"mocked\"}]"}}
[debug] [2021-04-30T05:05:11.407Z] [runtime-status] [25832] Resolved module firebase-functions {"declared":true,"installed":true,"version":"3.13.2","resolution":"C:\\Users\\pkaus\\OneDrive\\Desktop\\REACT_PRACTICE_APPS\\amazon-clone\\functions\\node_modules\\firebase-functions\\lib\\index.js"} {"metadata":{"emulator":{"name":"functions"},"function":{"name":"api"},"message":"[runtime-status] [25832] Resolved module firebase-functions {\"declared\":true,\"installed\":true,\"version\":\"3.13.2\",\"resolution\":\"C:\\\\Users\\\\pkaus\\\\OneDrive\\\\Desktop\\\\REACT_PRACTICE_APPS\\\\amazon-clone\\\\functions\\\\node_modules\\\\firebase-functions\\\\lib\\\\index.js\"}"}}
[debug] [2021-04-30T05:05:11.470Z] [runtime-status] [25832] Checked functions.config() {"config":{}} {"metadata":{"emulator":{"name":"functions"},"function":{"name":"api"},"message":"[runtime-status] [25832] Checked functions.config() {\"config\":{}}"}}
[debug] [2021-04-30T05:05:11.471Z] [runtime-status] [25832] firebase-functions has been stubbed. {"functionsResolution":{"declared":true,"installed":true,"version":"3.13.2","resolution":"C:\\Users\\pkaus\\OneDrive\\Desktop\\REACT_PRACTICE_APPS\\amazon-clone\\functions\\node_modules\\firebase-functions\\lib\\index.js"}} {"metadata":{"emulator":{"name":"functions"},"function":{"name":"api"},"message":"[runtime-status] [25832] firebase-functions has been stubbed. {\"functionsResolution\":{\"declared\":true,\"installed\":true,\"version\":\"3.13.2\",\"resolution\":\"C:\\\\Users\\\\pkaus\\\\OneDrive\\\\Desktop\\\\REACT_PRACTICE_APPS\\\\amazon-clone\\\\functions\\\\node_modules\\\\firebase-functions\\\\lib\\\\index.js\"}}"}}
[debug] [2021-04-30T05:05:11.472Z] [runtime-status] [25832] Resolved module firebase-functions {"declared":true,"installed":true,"version":"3.13.2","resolution":"C:\\Users\\pkaus\\OneDrive\\Desktop\\REACT_PRACTICE_APPS\\amazon-clone\\functions\\node_modules\\firebase-functions\\lib\\index.js"} {"metadata":{"emulator":{"name":"functions"},"function":{"name":"api"},"message":"[runtime-status] [25832] Resolved module firebase-functions {\"declared\":true,\"installed\":true,\"version\":\"3.13.2\",\"resolution\":\"C:\\\\Users\\\\pkaus\\\\OneDrive\\\\Desktop\\\\REACT_PRACTICE_APPS\\\\amazon-clone\\\\functions\\\\node_modules\\\\firebase-functions\\\\lib\\\\index.js\"}"}}
[debug] [2021-04-30T05:05:11.475Z] [runtime-status] [25832] Resolved module firebase-admin {"declared":true,"installed":true,"version":"9.7.0","resolution":"C:\\Users\\pkaus\\OneDrive\\Desktop\\REACT_PRACTICE_APPS\\amazon-clone\\functions\\node_modules\\firebase-admin\\lib\\index.js"} {"metadata":{"emulator":{"name":"functions"},"function":{"name":"api"},"message":"[runtime-status] [25832] Resolved module firebase-admin {\"declared\":true,\"installed\":true,\"version\":\"9.7.0\",\"resolution\":\"C:\\\\Users\\\\pkaus\\\\OneDrive\\\\Desktop\\\\REACT_PRACTICE_APPS\\\\amazon-clone\\\\functions\\\\node_modules\\\\firebase-admin\\\\lib\\\\index.js\"}"}}
[debug] [2021-04-30T05:05:11.477Z] [runtime-status] [25832] Resolved module firebase-functions {"declared":true,"installed":true,"version":"3.13.2","resolution":"C:\\Users\\pkaus\\OneDrive\\Desktop\\REACT_PRACTICE_APPS\\amazon-clone\\functions\\node_modules\\firebase-functions\\lib\\index.js"} {"metadata":{"emulator":{"name":"functions"},"function":{"name":"api"},"message":"[runtime-status] [25832] Resolved module firebase-functions {\"declared\":true,\"installed\":true,\"version\":\"3.13.2\",\"resolution\":\"C:\\\\Users\\\\pkaus\\\\OneDrive\\\\Desktop\\\\REACT_PRACTICE_APPS\\\\amazon-clone\\\\functions\\\\node_modules\\\\firebase-functions\\\\lib\\\\index.js\"}"}}
[debug] [2021-04-30T05:05:11.477Z] [runtime-status] [25832] firebase-admin has been stubbed. {"adminResolution":{"declared":true,"installed":true,"version":"9.7.0","resolution":"C:\\Users\\pkaus\\OneDrive\\Desktop\\REACT_PRACTICE_APPS\\amazon-clone\\functions\\node_modules\\firebase-admin\\lib\\index.js"}} {"metadata":{"emulator":{"name":"functions"},"function":{"name":"api"},"message":"[runtime-status] [25832] firebase-admin has been stubbed. {\"adminResolution\":{\"declared\":true,\"installed\":true,\"version\":\"9.7.0\",\"resolution\":\"C:\\\\Users\\\\pkaus\\\\OneDrive\\\\Desktop\\\\REACT_PRACTICE_APPS\\\\amazon-clone\\\\functions\\\\node_modules\\\\firebase-admin\\\\lib\\\\index.js\"}}"}}
[debug] [2021-04-30T05:05:11.716Z] [runtime-status] [25832] Trigger "api" has been found, beginning invocation! {"metadata":{"emulator":{"name":"functions"},"function":{"name":"api"},"message":"[runtime-status] [25832] Trigger \"api\" has been found, beginning invocation!"}}
[info] i  functions: Beginning execution of "api" {"metadata":{"emulator":{"name":"functions"},"function":{"name":"api"},"message":"Beginning execution of \"api\""}}
[debug] [2021-04-30T05:05:11.718Z] [runtime-status] [25832] triggerDefinition {"httpsTrigger":{},"name":"api","entryPoint":"api"} {"metadata":{"emulator":{"name":"functions"},"function":{"name":"api"},"message":"[runtime-status] [25832] triggerDefinition {\"httpsTrigger\":{},\"name\":\"api\",\"entryPoint\":\"api\"}"}}
[debug] [2021-04-30T05:05:11.718Z] [runtime-status] [25832] Running api in mode HTTPS {"metadata":{"emulator":{"name":"functions"},"function":{"name":"api"},"message":"[runtime-status] [25832] Running api in mode HTTPS"}}
[debug] [2021-04-30T05:05:11.722Z] [runtime-status] [25832] Attempting to listen to socketPath: \\?\pipe\C:\Users\pkaus\OneDrive\Desktop\REACT_PRACTICE_APPS\amazon-clone\functions\25832 {"metadata":{"emulator":{"name":"functions"},"function":{"name":"api"},"message":"[runtime-status] [25832] Attempting to listen to socketPath: \\\\?\\pipe\\C:\\Users\\pkaus\\OneDrive\\Desktop\\REACT_PRACTICE_APPS\\amazon-clone\\functions\\25832"}}
[debug] [2021-04-30T05:05:11.725Z] [functions] Runtime ready! Sending request! {"metadata":{"emulator":{"name":"functions"},"message":"[functions] Runtime ready! Sending request!"}}
[debug] [2021-04-30T05:05:11.726Z] [functions] Got req.url=/clone-8b84b/us-central1/api, mapping to path=/ {"metadata":{"emulator":{"name":"functions"},"message":"[functions] Got req.url=/clone-8b84b/us-central1/api, mapping to path=/"}}
[debug] [2021-04-30T05:05:11.733Z] [runtime-status] [25832] Ephemeral server handling GET request {"metadata":{"emulator":{"name":"functions"},"function":{"name":"api"},"message":"[runtime-status] [25832] Ephemeral server handling GET request"}}
[debug] [2021-04-30T05:05:11.740Z] [runtime-status] [25832] Ephemeral server survived. {"metadata":{"emulator":{"name":"functions"},"function":{"name":"api"},"message":"[runtime-status] [25832] Ephemeral server survived."}}
[info] i  functions: Finished "api" in ~1s {"metadata":{"emulator":{"name":"functions"},"function":{"name":"api"},"message":"Finished \"api\" in ~1s"}}
[debug] [2021-04-30T05:05:11.744Z] [worker-api-62d346a9-4aa9-4e38-bc4a-c329b0cbcf41]: IDLE {"metadata":{"emulator":{"name":"functions"},"message":"[worker-api-62d346a9-4aa9-4e38-bc4a-c329b0cbcf41]: IDLE"}}
[debug] [2021-04-30T05:05:11.744Z] [work-queue] {"queueLength":0,"workRunningCount":0}
[debug] [2021-04-30T05:05:11.846Z] Functions emulator received unknown request at path /favicon.ico
[debug] [2021-04-30T16:33:46.627Z] [worker-api-62d346a9-4aa9-4e38-bc4a-c329b0cbcf41]: exited {"metadata":{"emulator":{"name":"functions"},"message":"[worker-api-62d346a9-4aa9-4e38-bc4a-c329b0cbcf41]: exited"}}
[debug] [2021-04-30T16:33:46.628Z] [worker-api-62d346a9-4aa9-4e38-bc4a-c329b0cbcf41]: FINISHED {"metadata":{"emulator":{"name":"functions"},"message":"[worker-api-62d346a9-4aa9-4e38-bc4a-c329b0cbcf41]: FINISHED"}}
[debug] [2021-04-30T16:33:46.636Z] [worker-~diagnostic~-c6ae20c8-163c-4ee9-a01c-99a26f3e9483]: exited {"metadata":{"emulator":{"name":"functions"},"message":"[worker-~diagnostic~-c6ae20c8-163c-4ee9-a01c-99a26f3e9483]: exited"}}
[debug] [2021-04-30T16:33:46.636Z] [worker-~diagnostic~-c6ae20c8-163c-4ee9-a01c-99a26f3e9483]: FINISHED {"metadata":{"emulator":{"name":"functions"},"message":"[worker-~diagnostic~-c6ae20c8-163c-4ee9-a01c-99a26f3e9483]: FINISHED"}}
